INFO Service Thread Pool CSPutils - <--- Start logging WmContentServicePlatform Tue Nov 08 17:03:48 IST 2016
INFO Service Thread Pool CSPutils - <--- Start logging WmContentServicePlatform Wed Nov 09 09:29:32 IST 2016
INFO Service Thread Pool CSPutils - Stop logging WmContentServicePlatform Wed Nov 09 09:29:32 IST 2016--->
INFO Service Thread Pool CSPutils - <--- Start logging WmContentServicePlatform Thu Nov 10 14:20:09 IST 2016
INFO Service Thread Pool CSPutils - Stop logging WmContentServicePlatform Thu Nov 10 14:20:09 IST 2016--->
INFO Service Thread Pool CSPutils - <--- Start logging WmContentServicePlatform Thu Nov 10 17:05:47 IST 2016
INFO Service Thread Pool CSPutils - Stop logging WmContentServicePlatform Thu Nov 10 17:05:47 IST 2016--->
INFO Service Thread Pool CSPutils - <--- Start logging WmContentServicePlatform Fri Nov 11 11:57:32 IST 2016
INFO Service Thread Pool CSPutils - Stop logging WmContentServicePlatform Fri Nov 11 11:57:32 IST 2016--->
INFO Service Thread Pool CSPutils - <--- Start logging WmContentServicePlatform Fri Nov 11 15:53:21 IST 2016
INFO Service Thread Pool CSPutils - Stop logging WmContentServicePlatform Fri Nov 11 15:53:21 IST 2016--->
INFO Service Thread Pool CSPutils - <--- Start logging WmContentServicePlatform Fri Nov 11 16:11:16 IST 2016
INFO Service Thread Pool CSPutils - <--- Start logging WmContentServicePlatform Mon Nov 14 09:51:42 IST 2016
INFO Service Thread Pool CSPutils - <--- Start logging WmContentServicePlatform Tue Nov 15 09:45:07 IST 2016
INFO Service Thread Pool CSPutils - Stop logging WmContentServicePlatform Tue Nov 15 09:45:07 IST 2016--->
INFO Service Thread Pool CSPutils - <--- Start logging WmContentServicePlatform Tue Nov 15 15:33:36 IST 2016
INFO Service Thread Pool CSPutils - Stop logging WmContentServicePlatform Tue Nov 15 15:33:36 IST 2016--->
INFO Service Thread Pool CSPutils - <--- Start logging WmContentServicePlatform Wed Nov 16 10:22:03 IST 2016
INFO Service Thread Pool CSPutils - Stop logging WmContentServicePlatform Wed Nov 16 10:22:03 IST 2016--->
INFO Service Thread Pool CSPutils - <--- Start logging WmContentServicePlatform Thu Nov 17 15:34:26 IST 2016
INFO Service Thread Pool CSPutils - Stop logging WmContentServicePlatform Thu Nov 17 15:34:26 IST 2016--->
INFO Service Thread Pool CSPutils - <--- Start logging WmContentServicePlatform Thu Nov 17 16:11:54 IST 2016
INFO Service Thread Pool CSPutils - Stop logging WmContentServicePlatform Thu Nov 17 16:11:54 IST 2016--->
INFO Service Thread Pool CSPutils - <--- Start logging WmContentServicePlatform Thu Nov 17 21:17:03 IST 2016
INFO Service Thread Pool CSPutils - Stop logging WmContentServicePlatform Thu Nov 17 21:17:03 IST 2016--->
INFO Service Thread Pool CSPutils - <--- Start logging WmContentServicePlatform Fri Nov 18 17:28:33 IST 2016
INFO Service Thread Pool CSPutils - Stop logging WmContentServicePlatform Fri Nov 18 17:28:33 IST 2016--->
INFO Service Thread Pool CSPutils - <--- Start logging WmContentServicePlatform Fri Nov 18 17:43:07 IST 2016
INFO Service Thread Pool CSPutils - Stop logging WmContentServicePlatform Fri Nov 18 17:43:07 IST 2016--->
INFO Service Thread Pool CSPutils - <--- Start logging WmContentServicePlatform Fri Nov 18 17:49:20 IST 2016
INFO Service Thread Pool CSPutils - <--- Start logging WmContentServicePlatform Mon Nov 21 10:53:53 IST 2016
INFO Service Thread Pool CSPutils - Stop logging WmContentServicePlatform Mon Nov 21 10:53:53 IST 2016--->
INFO Service Thread Pool CSPutils - <--- Start logging WmContentServicePlatform Mon Nov 21 12:08:45 IST 2016
INFO Service Thread Pool CSPutils - Stop logging WmContentServicePlatform Mon Nov 21 12:08:45 IST 2016--->
INFO Service Thread Pool CSPutils - <--- Start logging WmContentServicePlatform Mon Nov 21 14:38:04 IST 2016
INFO Service Thread Pool CSPutils - Stop logging WmContentServicePlatform Mon Nov 21 14:38:04 IST 2016--->
INFO Service Thread Pool CSPutils - <--- Start logging WmContentServicePlatform Mon Nov 21 15:07:43 IST 2016
INFO Service Thread Pool CSPutils - Stop logging WmContentServicePlatform Mon Nov 21 15:07:43 IST 2016--->
INFO Service Thread Pool CSPutils - <--- Start logging WmContentServicePlatform Mon Nov 21 15:48:29 IST 2016
INFO Service Thread Pool CSPutils - Stop logging WmContentServicePlatform Mon Nov 21 15:48:29 IST 2016--->
INFO Service Thread Pool CSPutils - <--- Start logging WmContentServicePlatform Tue Nov 22 15:43:56 IST 2016
INFO Service Thread Pool CSPutils - Stop logging WmContentServicePlatform Tue Nov 22 15:43:56 IST 2016--->
INFO Service Thread Pool CSPutils - <--- Start logging WmContentServicePlatform Wed Nov 23 13:12:35 IST 2016
INFO Service Thread Pool CSPutils - Stop logging WmContentServicePlatform Wed Nov 23 13:12:35 IST 2016--->
INFO Service Thread Pool CSPutils - <--- Start logging WmContentServicePlatform Thu Nov 24 13:31:56 IST 2016
INFO Service Thread Pool CSPutils - <--- Start logging WmContentServicePlatform Mon Nov 28 12:14:55 IST 2016
INFO Service Thread Pool CSPutils - Stop logging WmContentServicePlatform Mon Nov 28 12:14:55 IST 2016--->
INFO Service Thread Pool CSPutils - <--- Start logging WmContentServicePlatform Mon Nov 28 12:37:41 IST 2016
INFO Service Thread Pool CSPutils - Stop logging WmContentServicePlatform Mon Nov 28 12:37:41 IST 2016--->
INFO Service Thread Pool CSPutils - <--- Start logging WmContentServicePlatform Mon Nov 28 12:54:31 IST 2016
INFO Service Thread Pool CSPutils - <--- Start logging WmContentServicePlatform Tue Nov 29 15:41:56 IST 2016
INFO Service Thread Pool CSPutils - <--- Start logging WmContentServicePlatform Wed Dec 07 12:54:55 IST 2016
INFO Service Thread Pool CSPutils - Stop logging WmContentServicePlatform Wed Dec 07 12:54:55 IST 2016--->
INFO Service Thread Pool CSPutils - <--- Start logging WmContentServicePlatform Wed Dec 07 13:13:12 IST 2016
INFO Service Thread Pool CSPutils - <--- Start logging WmContentServicePlatform Thu Dec 08 12:23:30 IST 2016
INFO Service Thread Pool CSPutils - Stop logging WmContentServicePlatform Thu Dec 08 12:23:30 IST 2016--->
INFO Service Thread Pool CSPutils - <--- Start logging WmContentServicePlatform Thu Dec 08 12:39:36 IST 2016
INFO Service Thread Pool CSPutils - <--- Start logging WmContentServicePlatform Tue Dec 13 11:54:29 IST 2016
INFO Service Thread Pool CSPutils - Stop logging WmContentServicePlatform Tue Dec 13 11:54:29 IST 2016--->
INFO Service Thread Pool CSPutils - <--- Start logging WmContentServicePlatform Tue Dec 13 15:47:36 IST 2016
INFO Service Thread Pool CSPutils - <--- Start logging WmContentServicePlatform Mon Dec 19 11:40:07 IST 2016
INFO Service Thread Pool CSPutils - Stop logging WmContentServicePlatform Mon Dec 19 11:40:07 IST 2016--->
INFO Service Thread Pool CSPutils - <--- Start logging WmContentServicePlatform Thu Dec 22 15:11:52 IST 2016
INFO Service Thread Pool CSPutils - <--- Start logging WmContentServicePlatform Thu Dec 22 20:27:51 IST 2016
INFO Service Thread Pool CSPutils - Stop logging WmContentServicePlatform Thu Dec 22 20:27:51 IST 2016--->
INFO Service Thread Pool CSPutils - <--- Start logging WmContentServicePlatform Tue Dec 27 12:48:06 IST 2016
INFO Service Thread Pool CSPutils - <--- Start logging WmContentServicePlatform Thu Dec 29 11:37:26 IST 2016
INFO Service Thread Pool CSPutils - Stop logging WmContentServicePlatform Thu Dec 29 11:37:26 IST 2016--->
INFO Service Thread Pool CSPutils - <--- Start logging WmContentServicePlatform Fri Dec 30 12:51:19 IST 2016
INFO Service Thread Pool CSPutils - Stop logging WmContentServicePlatform Fri Dec 30 12:51:19 IST 2016--->
INFO Service Thread Pool CSPutils - <--- Start logging WmContentServicePlatform Fri Dec 30 15:15:15 IST 2016
INFO Service Thread Pool CSPutils - Stop logging WmContentServicePlatform Fri Dec 30 15:15:15 IST 2016--->
INFO Service Thread Pool CSPutils - <--- Start logging WmContentServicePlatform Mon Jan 02 12:11:22 IST 2017
INFO Service Thread Pool CSPutils - Stop logging WmContentServicePlatform Mon Jan 02 12:11:22 IST 2017--->
INFO Service Thread Pool CSPutils - <--- Start logging WmContentServicePlatform Mon Jan 02 14:28:33 IST 2017
INFO Service Thread Pool CSPutils - Stop logging WmContentServicePlatform Mon Jan 02 14:28:33 IST 2017--->
INFO Service Thread Pool CSPutils - <--- Start logging WmContentServicePlatform Mon Jan 02 15:18:37 IST 2017
INFO Service Thread Pool CSPutils - Stop logging WmContentServicePlatform Mon Jan 02 15:18:37 IST 2017--->
INFO Service Thread Pool CSPutils - <--- Start logging WmContentServicePlatform Mon Jan 02 15:35:12 IST 2017
INFO Service Thread Pool CSPutils - <--- Start logging WmContentServicePlatform Wed Jan 04 11:37:17 IST 2017
INFO Service Thread Pool CSPutils - <--- Start logging WmContentServicePlatform Sat Jan 07 23:48:05 IST 2017
INFO Service Thread Pool CSPutils - Stop logging WmContentServicePlatform Sat Jan 07 23:48:05 IST 2017--->
INFO Service Thread Pool CSPutils - <--- Start logging WmContentServicePlatform Tue Jan 10 17:32:58 IST 2017
INFO Service Thread Pool CSPutils - Stop logging WmContentServicePlatform Tue Jan 10 17:32:58 IST 2017--->
INFO Service Thread Pool CSPutils - <--- Start logging WmContentServicePlatform Thu Jan 12 18:24:57 IST 2017
INFO Service Thread Pool CSPutils - Stop logging WmContentServicePlatform Thu Jan 12 18:24:57 IST 2017--->
INFO Service Thread Pool CSPutils - <--- Start logging WmContentServicePlatform Fri Jan 13 12:56:54 IST 2017
INFO Service Thread Pool CSPutils - Stop logging WmContentServicePlatform Fri Jan 13 12:56:54 IST 2017--->
INFO Service Thread Pool CSPutils - <--- Start logging WmContentServicePlatform Mon Jan 16 12:27:08 IST 2017
INFO Service Thread Pool CSPutils - Stop logging WmContentServicePlatform Mon Jan 16 12:27:08 IST 2017--->
INFO Service Thread Pool CSPutils - <--- Start logging WmContentServicePlatform Mon Jan 16 13:10:12 IST 2017
INFO Service Thread Pool CSPutils - Stop logging WmContentServicePlatform Mon Jan 16 13:10:12 IST 2017--->
INFO Service Thread Pool CSPutils - <--- Start logging WmContentServicePlatform Mon Jan 16 17:22:19 IST 2017
INFO Service Thread Pool CSPutils - Stop logging WmContentServicePlatform Mon Jan 16 17:22:19 IST 2017--->
INFO Service Thread Pool CSPutils - <--- Start logging WmContentServicePlatform Mon Jan 16 18:20:00 IST 2017
INFO Service Thread Pool CSPutils - Stop logging WmContentServicePlatform Mon Jan 16 18:20:00 IST 2017--->
INFO Service Thread Pool CSPutils - <--- Start logging WmContentServicePlatform Tue Jan 17 19:40:37 IST 2017
INFO Service Thread Pool CSPutils - Stop logging WmContentServicePlatform Tue Jan 17 19:40:37 IST 2017--->
INFO Service Thread Pool CSPutils - <--- Start logging WmContentServicePlatform Thu Jan 19 15:56:51 IST 2017
INFO Service Thread Pool CSPutils - Stop logging WmContentServicePlatform Thu Jan 19 15:56:51 IST 2017--->
INFO Service Thread Pool CSPutils - <--- Start logging WmContentServicePlatform Fri Jan 20 19:23:37 IST 2017
INFO Service Thread Pool CSPutils - <--- Start logging WmContentServicePlatform Mon Jan 23 09:28:08 IST 2017
INFO Service Thread Pool CSPutils - Stop logging WmContentServicePlatform Mon Jan 23 09:28:08 IST 2017--->
INFO Service Thread Pool CSPutils - <--- Start logging WmContentServicePlatform Tue Jan 24 11:56:39 IST 2017
INFO Service Thread Pool CSPutils - <--- Start logging WmContentServicePlatform Tue Jan 31 11:29:58 IST 2017
INFO Service Thread Pool CSPutils - <--- Start logging WmContentServicePlatform Mon Feb 06 10:58:32 IST 2017
INFO Service Thread Pool CSPutils - <--- Start logging WmContentServicePlatform Tue Feb 07 11:10:16 IST 2017
INFO Service Thread Pool CSPutils - Stop logging WmContentServicePlatform Tue Feb 07 11:10:16 IST 2017--->
INFO Service Thread Pool CSPutils - <--- Start logging WmContentServicePlatform Tue Feb 07 13:33:59 IST 2017
INFO Service Thread Pool CSPutils - Stop logging WmContentServicePlatform Tue Feb 07 13:33:59 IST 2017--->
INFO Service Thread Pool CSPutils - <--- Start logging WmContentServicePlatform Fri Feb 10 17:42:48 IST 2017
INFO Service Thread Pool CSPutils - <--- Start logging WmContentServicePlatform Sun Feb 12 13:29:12 IST 2017
INFO Service Thread Pool CSPutils - Stop logging WmContentServicePlatform Sun Feb 12 13:29:12 IST 2017--->
INFO Service Thread Pool CSPutils - <--- Start logging WmContentServicePlatform Mon Feb 13 11:49:29 IST 2017
INFO Service Thread Pool CSPutils - <--- Start logging WmContentServicePlatform Wed Feb 15 13:42:20 IST 2017
INFO Service Thread Pool CSPutils - <--- Start logging WmContentServicePlatform Mon Feb 20 14:49:25 IST 2017
INFO Service Thread Pool CSPutils - Stop logging WmContentServicePlatform Mon Feb 20 14:49:25 IST 2017--->
INFO Service Thread Pool CSPutils - <--- Start logging WmContentServicePlatform Mon Feb 20 15:20:29 IST 2017
INFO Service Thread Pool CSPutils - <--- Start logging WmContentServicePlatform Tue Feb 21 11:44:35 IST 2017
INFO Service Thread Pool CSPutils - <--- Start logging WmContentServicePlatform Wed Feb 22 10:36:37 IST 2017
INFO Service Thread Pool CSPutils - Stop logging WmContentServicePlatform Wed Feb 22 10:36:37 IST 2017--->
INFO Service Thread Pool CSPutils - <--- Start logging WmContentServicePlatform Wed Feb 22 15:38:17 IST 2017
INFO Service Thread Pool CSPutils - Stop logging WmContentServicePlatform Wed Feb 22 15:38:17 IST 2017--->
INFO Service Thread Pool CSPutils - <--- Start logging WmContentServicePlatform Thu Feb 23 13:05:22 IST 2017
INFO Service Thread Pool CSPutils - Stop logging WmContentServicePlatform Thu Feb 23 13:05:22 IST 2017--->
INFO Service Thread Pool CSPutils - <--- Start logging WmContentServicePlatform Thu Feb 23 15:24:25 IST 2017
INFO Service Thread Pool CSPutils - <--- Start logging WmContentServicePlatform Sun Feb 26 14:59:36 IST 2017
INFO Service Thread Pool CSPutils - Stop logging WmContentServicePlatform Sun Feb 26 14:59:36 IST 2017--->
INFO Service Thread Pool CSPutils - <--- Start logging WmContentServicePlatform Tue Feb 28 19:50:42 IST 2017
INFO Service Thread Pool CSPutils - <--- Start logging WmContentServicePlatform Thu Mar 02 10:16:09 IST 2017
INFO Service Thread Pool CSPutils - <--- Start logging WmContentServicePlatform Fri Mar 03 13:17:05 IST 2017
INFO Service Thread Pool CSPutils - <--- Start logging WmContentServicePlatform Mon Mar 06 10:17:00 IST 2017
INFO Service Thread Pool CSPutils - <--- Start logging WmContentServicePlatform Tue Mar 07 13:06:53 IST 2017
INFO Service Thread Pool CSPutils - <--- Start logging WmContentServicePlatform Wed Mar 08 10:30:30 IST 2017
INFO Service Thread Pool CSPutils - <--- Start logging WmContentServicePlatform Mon Mar 13 12:08:18 IST 2017
INFO Service Thread Pool CSPutils - <--- Start logging WmContentServicePlatform Thu Mar 16 11:37:58 IST 2017
INFO Service Thread Pool CSPutils - <--- Start logging WmContentServicePlatform Mon Mar 20 17:46:54 IST 2017
INFO Service Thread Pool CSPutils - <--- Start logging WmContentServicePlatform Thu Mar 23 10:22:25 IST 2017
